[23:58:41] [main/WARN]: Ambiguity between arguments [teleport, destination] and [teleport, targets] with inputs: [Player, 0123, @e, dd12be42-52a9-4a91-a8a1-11c01849e498]
[23:58:41] [main/WARN]: Ambiguity between arguments [teleport, location] and [teleport, destination] with inputs: [0.1 -0.5 .9, 0 0 0]
[23:58:41] [main/WARN]: Ambiguity between arguments [teleport, location] and [teleport, targets] with inputs: [0.1 -0.5 .9, 0 0 0]
[23:58:41] [main/WARN]: Ambiguity between arguments [teleport, targets] and [teleport, destination] with inputs: [Player, 0123, dd12be42-52a9-4a91-a8a1-11c01849e498]
[23:58:41] [main/WARN]: Ambiguity between arguments [teleport, targets, location] and [teleport, targets, destination] with inputs: [0.1 -0.5 .9, 0 0 0]
[23:58:41] [main/INFO]: Loaded 0 recipes
[23:58:41] [main/INFO]: Loaded 0 advancements
[23:58:41] [Server thread/INFO]: Starting minecraft server version 1.13.2
[23:58:41] [Server thread/INFO]: Loading properties
[23:58:41] [Server thread/INFO]: Default game type: SURVIVAL
[23:58:41] [Server thread/INFO]: Generating keypair
[23:58:42] [Server thread/INFO]: Starting Minecraft server on *:25565
[23:58:42] [Server thread/INFO]: Using default channel type
[23:58:44] [Server thread/INFO]: Preparing level "world"
[23:58:44] [Server thread/INFO]: Reloading ResourceManager: Default
[23:58:45] [Server thread/INFO]: Loaded 524 recipes
[23:58:46] [Server thread/INFO]: Loaded 571 advancements
[23:58:46] [Server thread/INFO]: Preparing start region for dimension minecraft:overworld
[23:58:46] [Server thread/INFO]: Preparing spawn area: 4%
[23:58:46] [Server thread/INFO]: Preparing spawn area: 8%
[23:58:47] [Server thread/INFO]: Preparing spawn area: 12%
[23:58:47] [Server thread/INFO]: Preparing spawn area: 16%
[23:58:47] [Server thread/INFO]: Preparing spawn area: 20%
[23:58:47] [Server thread/INFO]: Preparing spawn area: 24%
[23:58:47] [Server thread/INFO]: Preparing spawn area: 28%
[23:58:47] [Server thread/INFO]: Preparing spawn area: 32%
[23:58:47] [Server thread/INFO]: Preparing spawn area: 36%
[23:58:47] [Server thread/INFO]: Preparing spawn area: 40%
[23:58:47] [Server thread/INFO]: Preparing spawn area: 44%
[23:58:47] [Server thread/INFO]: Preparing spawn area: 48%
[23:58:47] [Server thread/INFO]: Preparing spawn area: 52%
[23:58:47] [Server thread/INFO]: Preparing spawn area: 56%
[23:58:47] [Server thread/INFO]: Preparing spawn area: 60%
[23:58:47] [Server thread/INFO]: Preparing spawn area: 64%
[23:58:47] [Server thread/INFO]: Preparing spawn area: 68%
[23:58:47] [Server thread/INFO]: Preparing spawn area: 72%
[23:58:47] [Server thread/INFO]: Preparing spawn area: 76%
[23:58:47] [Server thread/INFO]: Preparing spawn area: 80%
[23:58:47] [Server thread/INFO]: Preparing spawn area: 84%
[23:58:47] [Server thread/INFO]: Preparing spawn area: 88%
[23:58:47] [Server thread/INFO]: Preparing spawn area: 92%
[23:58:47] [Server thread/INFO]: Preparing spawn area: 96%
[23:58:47] [Server thread/INFO]: Preparing spawn area: 100%
[23:58:47] [Server thread/INFO]: Time elapsed: 1094 ms
[23:58:47] [Server thread/INFO]: Done (3.172s)! For help, type "help"
